2023-02-06 17:00:45,536 INFO    Thread-10 :2714733 [wandb_setup.py:_flush():68] Configure stats pid to 2714733
2023-02-06 17:00:45,537 INFO    Thread-10 :2714733 [wandb_setup.py:_flush():68] Loading settings from /u/home/zhousiy/.config/wandb/settings
2023-02-06 17:00:45,537 INFO    Thread-10 :2714733 [wandb_setup.py:_flush():68] Loading settings from /data2/practical-wise2223/MeshBody/BodyMeshGNN/wandb/settings
2023-02-06 17:00:45,537 INFO    Thread-10 :2714733 [wandb_setup.py:_flush():68] Loading settings from environment variables: {'_require_service': 'True', 'project': 'mesh-gnn_sweep', 'entity': 'nlp_practical_tum', 'root_dir': '/data2/practical-wise2223/MeshBody/BodyMeshGNN', 'run_id': 'e6fuyhhj', 'sweep_param_path': '/data2/practical-wise2223/MeshBody/BodyMeshGNN/wandb/sweep-egh8uqej/config-e6fuyhhj.yaml', 'sweep_id': 'egh8uqej'}
2023-02-06 17:00:45,537 INFO    Thread-10 :2714733 [wandb_setup.py:_flush():68] Inferring run settings from compute environment: {'program_relpath': 'training_sweep.py', 'program': 'training_sweep.py'}
2023-02-06 17:00:45,537 INFO    Thread-10 :2714733 [wandb_init.py:_log_setup():478] Logging user logs to /data2/practical-wise2223/MeshBody/BodyMeshGNN/wandb/run-20230206_170045-e6fuyhhj/logs/debug.log
2023-02-06 17:00:45,537 INFO    Thread-10 :2714733 [wandb_init.py:_log_setup():479] Logging internal logs to /data2/practical-wise2223/MeshBody/BodyMeshGNN/wandb/run-20230206_170045-e6fuyhhj/logs/debug-internal.log
2023-02-06 17:00:45,537 INFO    Thread-10 :2714733 [wandb_init.py:init():518] calling init triggers
2023-02-06 17:00:45,537 INFO    Thread-10 :2714733 [wandb_init.py:init():521] wandb.init called with sweep_config: {'aggregation': 'max', 'apply_dropedge': True, 'apply_dropout': False, 'batch_size': 64, 'encoder_channels': [64], 'epochs': 800, 'learning_rate': 0.0036722841150415497, 'num_hiddens': 64, 'num_layers': 6, 'num_skip_layers': 1, 'task': 'classification', 'weight_decay': 0.0001553675442114133}
config: {}
2023-02-06 17:00:45,537 INFO    Thread-10 :2714733 [wandb_init.py:init():571] starting backend
2023-02-06 17:00:45,537 INFO    Thread-10 :2714733 [wandb_init.py:init():575] setting up manager
2023-02-06 17:00:45,544 INFO    Thread-10 :2714733 [backend.py:_multiprocessing_setup():106] multiprocessing start_methods=fork,spawn,forkserver, using: spawn
2023-02-06 17:00:45,549 INFO    Thread-10 :2714733 [wandb_init.py:init():582] backend started and connected
2023-02-06 17:00:45,554 INFO    Thread-10 :2714733 [wandb_run.py:_config_callback():1249] config_cb None None {'aggregation': 'max', 'apply_dropedge': True, 'apply_dropout': False, 'batch_size': 64, 'encoder_channels': [64], 'epochs': 800, 'learning_rate': 0.0036722841150415497, 'num_hiddens': 64, 'num_layers': 6, 'num_skip_layers': 1, 'task': 'classification', 'weight_decay': 0.0001553675442114133}
2023-02-06 17:00:45,556 INFO    Thread-10 :2714733 [wandb_init.py:init():670] updated telemetry
2023-02-06 17:00:46,083 INFO    Thread-10 :2714733 [wandb_init.py:init():710] communicating run to backend with 60.0 second timeout
2023-02-06 17:00:46,472 INFO    Thread-10 :2714733 [wandb_run.py:_on_init():2121] communicating current version
2023-02-06 17:00:46,537 INFO    Thread-10 :2714733 [wandb_run.py:_on_init():2125] got version response 
2023-02-06 17:00:46,537 INFO    Thread-10 :2714733 [wandb_init.py:init():758] starting run threads in backend
2023-02-06 17:00:49,194 INFO    Thread-10 :2714733 [wandb_run.py:_console_start():2101] atexit reg
2023-02-06 17:00:49,194 INFO    Thread-10 :2714733 [wandb_run.py:_redirect():1959] redirect: SettingsConsole.WRAP_RAW
2023-02-06 17:00:49,194 INFO    Thread-10 :2714733 [wandb_run.py:_redirect():2024] Wrapping output streams.
2023-02-06 17:00:49,194 INFO    Thread-10 :2714733 [wandb_run.py:_redirect():2046] Redirects installed.
2023-02-06 17:00:49,194 INFO    Thread-10 :2714733 [wandb_init.py:init():798] run started, returning control to user process
2023-02-06 17:00:49,325 INFO    Thread-10 :2714733 [wandb_run.py:_finish():1844] finishing run nlp_practical_tum/mesh-gnn_sweep/e6fuyhhj
2023-02-06 17:00:49,325 INFO    Thread-10 :2714733 [wandb_run.py:_atexit_cleanup():2070] got exitcode: 1
2023-02-06 17:00:49,325 INFO    Thread-10 :2714733 [wandb_run.py:_restore():2053] restore
2023-02-06 17:00:49,325 INFO    Thread-10 :2714733 [wandb_run.py:_restore():2059] restore done
2023-02-06 17:00:57,835 INFO    Thread-10 :2714733 [wandb_run.py:_restore():2053] restore
2023-02-06 17:00:57,836 INFO    Thread-10 :2714733 [wandb_run.py:_restore():2059] restore done
2023-02-06 17:00:57,836 ERROR   Thread-10 :2714733 [wandb_run.py:_atexit_cleanup():2091] Problem finishing run
Traceback (most recent call last):
  File "training_sweep.py", line 167, in train
    training_loss = train_epoch(model, train_loader, optimizer, loss_criterion, device)
  File "training_sweep.py", line 89, in train_epoch
    loss = loss_criterion(prediction, label)
  File "/u/home/zhousiy/.conda/envs/BodyMeshGNN/lib/python3.8/site-packages/torch/nn/modules/module.py", line 1194, in _call_impl
    return forward_call(*input, **kwargs)
  File "/u/home/zhousiy/.conda/envs/BodyMeshGNN/lib/python3.8/site-packages/torch/nn/modules/loss.py", line 1174, in forward
    return F.cross_entropy(input, target, weight=self.weight,
  File "/u/home/zhousiy/.conda/envs/BodyMeshGNN/lib/python3.8/site-packages/torch/nn/functional.py", line 3026, in cross_entropy
    return torch._C._nn.cross_entropy_loss(input, target, weight, _Reduction.get_enum(reduction), ignore_index, label_smoothing)
RuntimeError: "nll_loss_forward_reduce_cuda_kernel_2d_index" not implemented for 'Double'

During handling of the above exception, another exception occurred:

Traceback (most recent call last):
  File "/u/home/zhousiy/.conda/envs/BodyMeshGNN/lib/python3.8/site-packages/wandb/sdk/wandb_run.py", line 2079, in _atexit_cleanup
    self._on_finish()
  File "/u/home/zhousiy/.conda/envs/BodyMeshGNN/lib/python3.8/site-packages/wandb/sdk/wandb_run.py", line 2336, in _on_finish
    self._backend.cleanup()
  File "/u/home/zhousiy/.conda/envs/BodyMeshGNN/lib/python3.8/site-packages/wandb/sdk/backend/backend.py", line 259, in cleanup
    self.interface.join()
  File "/u/home/zhousiy/.conda/envs/BodyMeshGNN/lib/python3.8/site-packages/wandb/sdk/interface/interface_shared.py", line 632, in join
    self._router.join()
  File "/u/home/zhousiy/.conda/envs/BodyMeshGNN/lib/python3.8/site-packages/wandb/sdk/interface/router.py", line 100, in join
    self._thread.join()
  File "/u/home/zhousiy/.conda/envs/BodyMeshGNN/lib/python3.8/threading.py", line 1011, in join
    self._wait_for_tstate_lock()
  File "/u/home/zhousiy/.conda/envs/BodyMeshGNN/lib/python3.8/threading.py", line 1027, in _wait_for_tstate_lock
    elif lock.acquire(block, timeout):
Exception
